<?xml version="1.0" encoding="UTF-8"?>
<!-- Generated by org.testng.reporters.JUnitXMLReporter -->
<testsuite hostname="Rama" name="Test3" tests="3" failures="0" timestamp="12 Dec 2024 16:07:44 GMT" time="0.245" errors="0">
  <testcase name="@BeforeMethod launchAndLoadURL" time="0.0" classname="test.TC001_SignUp">
    <failure type="org.testng.TestNGException" message="
Parameter &amp;apos;browser&amp;apos; is required by @Configuration on method launchAndLoadURL but has not been marked @Optional or defined
in C:\Automation\SpicyJetSample\testng.xml">
      <![CDATA[org.testng.TestNGException: 
Parameter 'browser' is required by @Configuration on method launchAndLoadURL but has not been marked @Optional or defined
in C:\Automation\SpicyJetSample\testng.xml
... Removed 23 stack frames]]>
    </failure>
  </testcase> <!-- @BeforeMethod launchAndLoadURL -->
  <testcase name="@AfterMethod closebrowser" time="0.0" classname="test.TC001_SignUp">
    <skipped/>
  </testcase> <!-- @AfterMethod closebrowser -->
  <testcase name="@BeforeClass testDetails" time="0.0" classname="test.TC002_LoginPage">
    <skipped/>
  </testcase> <!-- @BeforeClass testDetails -->
  <testcase name="@BeforeMethod launchAndLoadURL" time="0.0" classname="test.TC002_LoginPage">
    <skipped/>
  </testcase> <!-- @BeforeMethod launchAndLoadURL -->
  <testcase name="@AfterMethod closebrowser" time="0.0" classname="test.TC002_LoginPage">
    <skipped/>
  </testcase> <!-- @AfterMethod closebrowser -->
  <testcase name="@BeforeMethod launchAndLoadURL" time="0.0" classname="test.TC002_LoginPage">
    <skipped/>
  </testcase> <!-- @BeforeMethod launchAndLoadURL -->
  <testcase name="@AfterMethod closebrowser" time="0.0" classname="test.TC002_LoginPage">
    <skipped/>
  </testcase> <!-- @AfterMethod closebrowser -->
  <testcase name="signUpTest" time="0.0" classname="test.TC001_SignUp">
    <skipped/>
  </testcase> <!-- signUpTest -->
  <testcase name="loginTest" time="0.001" classname="test.TC002_LoginPage">
    <skipped/>
  </testcase> <!-- loginTest -->
  <testcase name="loginTest" time="0.0" classname="test.TC002_LoginPage">
    <skipped/>
  </testcase> <!-- loginTest -->
</testsuite> <!-- Test3 -->
